<?xml version="1.0" encoding="UTF-8"?>
<coverage generated="1694688829458" clover="3.2.0">
  <project timestamp="1694688829459" name="All files">
    <metrics statements="18" coveredstatements="14" conditionals="2" coveredconditionals="2" methods="5" coveredmethods="4" elements="25" coveredelements="20" complexity="0" loc="18" ncloc="18" packages="1" files="1" classes="1"/>
    <file name="FormApp.jsx" path="C:\DUAL\REACT\forms\form-testing\src\components\FormApp.jsx">
      <metrics statements="18" coveredstatements="14" conditionals="2" coveredconditionals="2" methods="5" coveredmethods="4"/>
      <line num="1" count="1" type="stmt"/>
      <line num="2" count="1" type="stmt"/>
      <line num="6" count="5" type="stmt"/>
      <line num="7" count="5" type="stmt"/>
      <line num="8" count="5" type="stmt"/>
      <line num="16" count="5" type="stmt"/>
      <line num="17" count="1" type="stmt"/>
      <line num="27" count="5" type="stmt"/>
      <line num="28" count="0" type="stmt"/>
      <line num="29" count="0" type="stmt"/>
      <line num="30" count="0" type="stmt"/>
      <line num="31" count="0" type="stmt"/>
      <line num="36" count="5" type="stmt"/>
      <line num="39" count="1" type="stmt"/>
      <line num="42" count="1" type="stmt"/>
      <line num="48" count="5" type="stmt"/>
      <line num="55" count="5" type="stmt"/>
      <line num="126" count="4" type="stmt"/>
    </file>
  </project>
</coverage>
