<?xml version="1.0" encoding="UTF-8"?>
<coverage generated="1695042582571" clover="3.2.0">
  <project timestamp="1695042582571" name="All files">
    <metrics statements="52" coveredstatements="28" conditionals="17" coveredconditionals="4" methods="9" coveredmethods="4" elements="78" coveredelements="36" complexity="0" loc="52" ncloc="52" packages="1" files="2" classes="2"/>
    <file name="FormApp.jsx" path="C:\DUAL\REACT\forms\form-testing\src\components\FormApp.jsx">
      <metrics statements="32" coveredstatements="21" conditionals="10" coveredconditionals="3" methods="6" coveredmethods="3"/>
      <line num="1" count="1" type="stmt"/>
      <line num="2" count="1" type="stmt"/>
      <line num="3" count="1" type="stmt"/>
      <line num="6" count="8" type="stmt"/>
      <line num="7" count="8" type="stmt"/>
      <line num="8" count="8" type="stmt"/>
      <line num="16" count="8" type="stmt"/>
      <line num="17" count="0" type="stmt"/>
      <line num="18" count="0" type="stmt"/>
      <line num="19" count="0" type="cond" truecount="0" falsecount="2"/>
      <line num="20" count="0" type="stmt"/>
      <line num="21" count="0" type="stmt"/>
      <line num="23" count="0" type="stmt"/>
      <line num="27" count="8" type="stmt"/>
      <line num="28" count="0" type="stmt"/>
      <line num="30" count="0" type="cond" truecount="0" falsecount="1"/>
      <line num="31" count="0" type="stmt"/>
      <line num="33" count="0" type="stmt"/>
      <line num="37" count="8" type="stmt"/>
      <line num="38" count="1" type="stmt"/>
      <line num="46" count="1" type="stmt"/>
      <line num="49" count="8" type="stmt"/>
      <line num="50" count="7" type="stmt"/>
      <line num="51" count="7" type="stmt"/>
      <line num="52" count="7" type="stmt"/>
      <line num="53" count="7" type="stmt"/>
      <line num="54" count="7" type="stmt"/>
      <line num="55" count="7" type="stmt"/>
      <line num="57" count="7" type="cond" truecount="2" falsecount="3"/>
      <line num="60" count="8" type="stmt"/>
      <line num="108" count="0" type="stmt"/>
      <line num="137" count="6" type="stmt"/>
    </file>
    <file name="IDValidation.jsx" path="C:\DUAL\REACT\forms\form-testing\src\components\IDValidation.jsx">
      <metrics statements="20" coveredstatements="7" conditionals="7" coveredconditionals="1" methods="3" coveredmethods="1"/>
      <line num="1" count="1" type="stmt"/>
      <line num="4" count="7" type="stmt"/>
      <line num="5" count="7" type="stmt"/>
      <line num="7" count="7" type="stmt"/>
      <line num="8" count="0" type="stmt"/>
      <line num="9" count="0" type="stmt"/>
      <line num="10" count="0" type="stmt"/>
      <line num="11" count="0" type="stmt"/>
      <line num="12" count="0" type="stmt"/>
      <line num="15" count="7" type="stmt"/>
      <line num="16" count="0" type="stmt"/>
      <line num="17" count="0" type="stmt"/>
      <line num="18" count="0" type="stmt"/>
      <line num="20" count="0" type="cond" truecount="0" falsecount="3"/>
      <line num="21" count="0" type="stmt"/>
      <line num="22" count="0" type="stmt"/>
      <line num="25" count="0" type="stmt"/>
      <line num="26" count="0" type="stmt"/>
      <line num="29" count="7" type="stmt"/>
      <line num="49" count="8" type="stmt"/>
    </file>
  </project>
</coverage>
