{"C:\\DUAL\\REACT\\forms\\form-testing\\src\\components\\FormApp.jsx": {"path":"C:\\DUAL\\REACT\\forms\\form-testing\\src\\components\\FormApp.jsx","statementMap":{"0":{"start":{"line":121,"column":0},"end":{"line":121,"column":15}},"1":{"start":{"line":1,"column":32},"end":{"line":1,"column":null}},"2":{"start":{"line":2,"column":7},"end":{"line":2,"column":null}},"3":{"start":{"line":5,"column":34},"end":{"line":11,"column":null}},"4":{"start":{"line":13,"column":54},"end":{"line":13,"column":null}},"5":{"start":{"line":15,"column":28},"end":{"line":18,"column":null}},"6":{"start":{"line":19,"column":19},"end":{"line":26,"column":null}},"7":{"start":{"line":20,"column":4},"end":{"line":26,"column":7}},"8":{"start":{"line":27,"column":23},"end":{"line":39,"column":null}},"9":{"start":{"line":30,"column":4},"end":{"line":30,"column":32}},"10":{"start":{"line":33,"column":3},"end":{"line":33,"column":null}},"11":{"start":{"line":36,"column":4},"end":{"line":38,"column":null}},"12":{"start":{"line":41,"column":2},"end":{"line":116,"column":null}},"13":{"start":{"line":121,"column":15},"end":{"line":121,"column":null}}},"fnMap":{"0":{"name":"FormApp","decl":{"start":{"line":4,"column":9},"end":{"line":4,"column":null}},"loc":{"start":{"line":4,"column":9},"end":{"line":119,"column":null}}},"1":{"name":"(anonymous_5)","decl":{"start":{"line":15,"column":28},"end":{"line":15,"column":29}},"loc":{"start":{"line":15,"column":29},"end":{"line":18,"column":null}}},"2":{"name":"(anonymous_6)","decl":{"start":{"line":19,"column":19},"end":{"line":19,"column":null}},"loc":{"start":{"line":19,"column":19},"end":{"line":26,"column":null}}},"3":{"name":"(anonymous_7)","decl":{"start":{"line":27,"column":23},"end":{"line":27,"column":24}},"loc":{"start":{"line":27,"column":24},"end":{"line":39,"column":null}}},"4":{"name":"(anonymous_8)","decl":{"start":{"line":36,"column":15},"end":{"line":36,"column":null}},"loc":{"start":{"line":36,"column":15},"end":{"line":38,"column":7}}}},"branchMap":{"0":{"loc":{"start":{"line":116,"column":7},"end":{"line":116,"column":null}},"type":"binary-expr","locations":[{"start":{"line":116,"column":7},"end":{"line":116,"column":29}},{"start":{"line":116,"column":29},"end":{"line":116,"column":null}}]}},"s":{"0":2,"1":1,"2":1,"3":3,"4":3,"5":3,"6":3,"7":1,"8":3,"9":1,"10":1,"11":1,"12":3,"13":1},"f":{"0":3,"1":0,"2":1,"3":1,"4":0},"b":{"0":[3,1]}}
}
