{"C:\\DUAL\\REACT\\forms\\form-testing\\src\\components\\FormApp.jsx": {"path":"C:\\DUAL\\REACT\\forms\\form-testing\\src\\components\\FormApp.jsx","statementMap":{"0":{"start":{"line":137,"column":0},"end":{"line":137,"column":15}},"1":{"start":{"line":1,"column":43},"end":{"line":1,"column":null}},"2":{"start":{"line":2,"column":7},"end":{"line":2,"column":null}},"3":{"start":{"line":5,"column":54},"end":{"line":5,"column":null}},"4":{"start":{"line":6,"column":50},"end":{"line":6,"column":null}},"5":{"start":{"line":7,"column":34},"end":{"line":13,"column":null}},"6":{"start":{"line":15,"column":28},"end":{"line":19,"column":null}},"7":{"start":{"line":16,"column":28},"end":{"line":16,"column":40}},"8":{"start":{"line":17,"column":25},"end":{"line":17,"column":null}},"9":{"start":{"line":18,"column":4},"end":{"line":18,"column":null}},"10":{"start":{"line":21,"column":23},"end":{"line":28,"column":null}},"11":{"start":{"line":22,"column":4},"end":{"line":22,"column":null}},"12":{"start":{"line":24,"column":4},"end":{"line":27,"column":null}},"13":{"start":{"line":25,"column":6},"end":{"line":25,"column":null}},"14":{"start":{"line":26,"column":6},"end":{"line":26,"column":null}},"15":{"start":{"line":30,"column":20},"end":{"line":40,"column":null}},"16":{"start":{"line":31,"column":4},"end":{"line":37,"column":null}},"17":{"start":{"line":39,"column":4},"end":{"line":39,"column":null}},"18":{"start":{"line":42,"column":2},"end":{"line":52,"column":null}},"19":{"start":{"line":43,"column":53},"end":{"line":43,"column":null}},"20":{"start":{"line":44,"column":28},"end":{"line":44,"column":null}},"21":{"start":{"line":45,"column":24},"end":{"line":45,"column":null}},"22":{"start":{"line":46,"column":27},"end":{"line":46,"column":null}},"23":{"start":{"line":47,"column":27},"end":{"line":47,"column":null}},"24":{"start":{"line":48,"column":22},"end":{"line":48,"column":null}},"25":{"start":{"line":51,"column":4},"end":{"line":51,"column":null}},"26":{"start":{"line":54,"column":2},"end":{"line":129,"column":null}},"27":{"start":{"line":137,"column":15},"end":{"line":137,"column":null}}},"fnMap":{"0":{"name":"FormApp","decl":{"start":{"line":4,"column":9},"end":{"line":4,"column":null}},"loc":{"start":{"line":4,"column":9},"end":{"line":135,"column":null}}},"1":{"name":"(anonymous_5)","decl":{"start":{"line":15,"column":28},"end":{"line":15,"column":29}},"loc":{"start":{"line":15,"column":29},"end":{"line":19,"column":null}}},"2":{"name":"(anonymous_6)","decl":{"start":{"line":21,"column":23},"end":{"line":21,"column":24}},"loc":{"start":{"line":21,"column":24},"end":{"line":28,"column":null}}},"3":{"name":"(anonymous_7)","decl":{"start":{"line":30,"column":20},"end":{"line":30,"column":null}},"loc":{"start":{"line":30,"column":20},"end":{"line":40,"column":null}}},"4":{"name":"(anonymous_8)","decl":{"start":{"line":42,"column":12},"end":{"line":42,"column":null}},"loc":{"start":{"line":42,"column":12},"end":{"line":52,"column":5}}}},"branchMap":{"0":{"loc":{"start":{"line":24,"column":4},"end":{"line":27,"column":null}},"type":"if","locations":[{"start":{"line":24,"column":4},"end":{"line":27,"column":null}}]},"1":{"loc":{"start":{"line":51,"column":26},"end":{"line":51,"column":104}},"type":"binary-expr","locations":[{"start":{"line":51,"column":26},"end":{"line":51,"column":45}},{"start":{"line":51,"column":45},"end":{"line":51,"column":60}},{"start":{"line":51,"column":60},"end":{"line":51,"column":78}},{"start":{"line":51,"column":78},"end":{"line":51,"column":96}},{"start":{"line":51,"column":96},"end":{"line":51,"column":104}}]},"2":{"loc":{"start":{"line":128,"column":7},"end":{"line":129,"column":null}},"type":"binary-expr","locations":[{"start":{"line":128,"column":7},"end":{"line":128,"column":null}},{"start":{"line":129,"column":8},"end":{"line":129,"column":null}}]}},"s":{"0":6,"1":1,"2":1,"3":8,"4":8,"5":8,"6":8,"7":0,"8":0,"9":0,"10":8,"11":0,"12":0,"13":0,"14":0,"15":8,"16":1,"17":1,"18":8,"19":7,"20":7,"21":7,"22":7,"23":7,"24":7,"25":7,"26":8,"27":1},"f":{"0":8,"1":0,"2":0,"3":1,"4":7},"b":{"0":[0],"1":[7,7,0,0,0],"2":[8,0]}}
}
