TN:
SF:src\components\FormApp.jsx
FN:4,FormApp
FN:19,(anonymous_5)
FN:38,(anonymous_6)
FN:49,(anonymous_7)
FN:65,(anonymous_8)
FN:77,(anonymous_9)
FN:82,(anonymous_10)
FN:88,(anonymous_11)
FN:100,(anonymous_12)
FNF:9
FNH:4
FNDA:7,FormApp
FNDA:6,(anonymous_5)
FNDA:0,(anonymous_6)
FNDA:0,(anonymous_7)
FNDA:0,(anonymous_8)
FNDA:0,(anonymous_9)
FNDA:0,(anonymous_10)
FNDA:1,(anonymous_11)
FNDA:6,(anonymous_12)
DA:1,1
DA:2,1
DA:5,7
DA:6,7
DA:7,7
DA:8,7
DA:9,7
DA:10,7
DA:19,7
DA:20,6
DA:21,6
DA:22,6
DA:23,6
DA:24,6
DA:25,6
DA:27,6
DA:38,7
DA:39,0
DA:40,0
DA:41,0
DA:42,0
DA:43,0
DA:45,0
DA:49,7
DA:52,0
DA:54,0
DA:56,0
DA:57,0
DA:61,0
DA:62,0
DA:65,7
DA:66,0
DA:67,0
DA:68,0
DA:69,0
DA:71,0
DA:77,7
DA:78,0
DA:80,0
DA:81,0
DA:82,0
DA:83,0
DA:84,0
DA:88,7
DA:89,1
DA:97,1
DA:100,7
DA:101,6
DA:103,6
DA:104,0
DA:105,0
DA:106,0
DA:108,0
DA:109,0
DA:110,0
DA:113,0
DA:114,0
DA:115,0
DA:116,6
DA:117,0
DA:119,0
DA:120,0
DA:121,0
DA:122,0
DA:124,0
DA:125,0
DA:126,0
DA:127,0
DA:130,0
DA:131,0
DA:134,0
DA:138,7
DA:237,5
LF:73
LH:29
BRDA:21,0,0,6
BRDA:21,0,1,6
BRDA:29,1,0,6
BRDA:29,1,1,0
BRDA:29,1,2,0
BRDA:29,1,3,0
BRDA:29,1,4,0
BRDA:41,2,0,0
BRDA:41,2,1,0
BRDA:61,3,0,0
BRDA:67,4,0,0
BRDA:67,4,1,0
BRDA:80,5,0,0
BRDA:103,6,0,0
BRDA:103,6,1,6
BRDA:108,7,0,0
BRDA:108,8,0,0
BRDA:108,8,1,0
BRDA:116,9,0,0
BRDA:124,10,0,0
BRDA:126,11,0,0
BRDA:151,12,0,7
BRDA:151,12,1,7
BRDA:207,13,0,7
BRDA:207,13,1,0
BRDA:208,14,0,0
BRDA:208,14,1,0
BRDA:209,15,0,0
BRDA:209,15,1,0
BRDA:231,16,0,7
BRDA:231,16,1,0
BRF:31
BRH:8
end_of_record
