TN:
SF:src\components\FormApp.jsx
FN:4,FormApp
FN:16,(anonymous_5)
FN:27,(anonymous_6)
FN:38,(anonymous_7)
FN:51,(anonymous_8)
FN:61,(anonymous_9)
FN:73,(anonymous_10)
FNF:7
FNH:4
FNDA:8,FormApp
FNDA:7,(anonymous_5)
FNDA:0,(anonymous_6)
FNDA:0,(anonymous_7)
FNDA:0,(anonymous_8)
FNDA:1,(anonymous_9)
FNDA:7,(anonymous_10)
DA:1,1
DA:2,1
DA:5,8
DA:6,8
DA:7,8
DA:8,8
DA:9,8
DA:16,8
DA:17,7
DA:18,7
DA:19,7
DA:20,7
DA:21,7
DA:22,7
DA:24,7
DA:27,8
DA:28,0
DA:29,0
DA:30,0
DA:31,0
DA:32,0
DA:34,0
DA:38,8
DA:40,0
DA:42,0
DA:44,0
DA:45,0
DA:51,8
DA:52,0
DA:54,0
DA:55,0
DA:57,0
DA:61,8
DA:62,1
DA:70,1
DA:73,8
DA:74,7
DA:76,7
DA:77,0
DA:78,0
DA:79,0
DA:81,0
DA:82,0
DA:83,0
DA:86,0
DA:87,0
DA:88,0
DA:89,7
DA:90,0
DA:92,0
DA:94,0
DA:95,0
DA:96,0
DA:98,0
DA:99,0
DA:100,0
DA:101,0
DA:105,0
DA:106,0
DA:110,0
DA:117,8
DA:206,6
LF:62
LH:27
BRDA:24,0,0,7
BRDA:24,0,1,7
BRDA:24,0,2,0
BRDA:24,0,3,0
BRDA:24,0,4,0
BRDA:30,1,0,0
BRDA:30,1,1,0
BRDA:54,2,0,0
BRDA:76,3,0,0
BRDA:76,3,1,7
BRDA:81,4,0,0
BRDA:81,5,0,0
BRDA:81,5,1,0
BRDA:89,6,0,0
BRDA:98,7,0,0
BRDA:100,8,0,0
BRDA:171,9,0,8
BRDA:171,9,1,0
BRDA:173,10,0,0
BRDA:173,10,1,0
BRDA:175,11,0,0
BRDA:175,11,1,0
BRDA:197,12,0,8
BRDA:197,12,1,0
BRF:24
BRH:5
end_of_record
